2024-02-01 11:13:29 0 [Note] Starting MariaDB 10.4.32-MariaDB source revision c4143f909528e3fab0677a28631d10389354c491 as process 4380
2024-02-01 11:13:29 0 [Note] InnoDB: Mutexes and rw_locks use Windows interlocked functions
2024-02-01 11:13:29 0 [Note] InnoDB: Uses event mutexes
2024-02-01 11:13:29 0 [Note] InnoDB: Compressed tables use zlib 1.3
2024-02-01 11:13:29 0 [Note] InnoDB: Number of pools: 1
2024-02-01 11:13:29 0 [Note] InnoDB: Using SSE2 crc32 instructions
2024-02-01 11:13:29 0 [Note] InnoDB: Initializing buffer pool, total size = 16M, instances = 1, chunk size = 16M
2024-02-01 11:13:29 0 [Note] InnoDB: Completed initialization of buffer pool
2024-02-01 11:13:29 0 [Note] InnoDB: Starting crash recovery from checkpoint LSN=300288
2024-02-01 11:13:29 0 [Note] InnoDB: 128 out of 128 rollback segments are active.
2024-02-01 11:13:29 0 [Note] InnoDB: Removed temporary tablespace data file: "ibtmp1"
2024-02-01 11:13:29 0 [Note] InnoDB: Creating shared tablespace for temporary tables
2024-02-01 11:13:29 0 [Note] InnoDB: Setting file 'C:\Users\johns\Xampp\mysql\data\ibtmp1' size to 12 MB. Physically writing the file full; Please wait ...
2024-02-01 11:13:29 0 [Note] InnoDB: File 'C:\Users\johns\Xampp\mysql\data\ibtmp1' size is now 12 MB.
2024-02-01 11:13:29 0 [Note] InnoDB: Waiting for purge to start
2024-02-01 11:13:29 0 [Note] InnoDB: 10.4.32 started; log sequence number 300297; transaction id 170
2024-02-01 11:13:29 0 [Note] InnoDB: Loading buffer pool(s) from C:\Users\johns\Xampp\mysql\data\ib_buffer_pool
2024-02-01 11:13:29 0 [Note] Plugin 'FEEDBACK' is disabled.
2024-02-01 11:13:29 0 [Note] InnoDB: Buffer pool(s) load completed at 240201 11:13:29
2024-02-01 11:13:29 0 [Note] Server socket created on IP: '::'.
2024-02-01 11:15:54 0 [Note] Starting MariaDB 10.4.32-MariaDB source revision c4143f909528e3fab0677a28631d10389354c491 as process 12968
2024-02-01 11:15:55 0 [Note] InnoDB: Mutexes and rw_locks use Windows interlocked functions
2024-02-01 11:15:55 0 [Note] InnoDB: Uses event mutexes
2024-02-01 11:15:55 0 [Note] InnoDB: Compressed tables use zlib 1.3
2024-02-01 11:15:55 0 [Note] InnoDB: Number of pools: 1
2024-02-01 11:15:55 0 [Note] InnoDB: Using SSE2 crc32 instructions
2024-02-01 11:15:55 0 [Note] InnoDB: Initializing buffer pool, total size = 16M, instances = 1, chunk size = 16M
2024-02-01 11:15:55 0 [Note] InnoDB: Completed initialization of buffer pool
2024-02-01 11:15:55 0 [Note] InnoDB: Starting crash recovery from checkpoint LSN=300306
2024-02-01 11:15:55 0 [Note] InnoDB: Starting final batch to recover 1 pages from redo log.
2024-02-01 11:15:55 0 [Note] InnoDB: 128 out of 128 rollback segments are active.
2024-02-01 11:15:55 0 [Note] InnoDB: Removed temporary tablespace data file: "ibtmp1"
2024-02-01 11:15:55 0 [Note] InnoDB: Creating shared tablespace for temporary tables
2024-02-01 11:15:55 0 [Note] InnoDB: Setting file 'C:\Users\johns\Xampp\mysql\data\ibtmp1' size to 12 MB. Physically writing the file full; Please wait ...
2024-02-01 11:15:55 0 [Note] InnoDB: File 'C:\Users\johns\Xampp\mysql\data\ibtmp1' size is now 12 MB.
2024-02-01 11:15:55 0 [Note] InnoDB: Waiting for purge to start
2024-02-01 11:15:55 0 [Note] InnoDB: 10.4.32 started; log sequence number 300675; transaction id 193
2024-02-01 11:15:55 0 [Note] InnoDB: Loading buffer pool(s) from C:\Users\johns\Xampp\mysql\data\ib_buffer_pool
2024-02-01 11:15:55 0 [Note] Plugin 'FEEDBACK' is disabled.
2024-02-01 11:15:55 0 [Note] InnoDB: Buffer pool(s) load completed at 240201 11:15:55
2024-02-01 11:15:55 0 [Note] Server socket created on IP: '::'.
2024-02-01 11:17:53 0 [Note] Starting MariaDB 10.4.32-MariaDB source revision c4143f909528e3fab0677a28631d10389354c491 as process 14260
2024-02-01 11:17:53 0 [Note] InnoDB: Mutexes and rw_locks use Windows interlocked functions
2024-02-01 11:17:53 0 [Note] InnoDB: Uses event mutexes
2024-02-01 11:17:53 0 [Note] InnoDB: Compressed tables use zlib 1.3
2024-02-01 11:17:53 0 [Note] InnoDB: Number of pools: 1
2024-02-01 11:17:53 0 [Note] InnoDB: Using SSE2 crc32 instructions
2024-02-01 11:17:53 0 [Note] InnoDB: Initializing buffer pool, total size = 16M, instances = 1, chunk size = 16M
2024-02-01 11:17:53 0 [Note] InnoDB: Completed initialization of buffer pool
2024-02-01 11:17:53 0 [Note] InnoDB: Starting crash recovery from checkpoint LSN=304280
2024-02-01 11:17:53 0 [Note] InnoDB: 128 out of 128 rollback segments are active.
2024-02-01 11:17:53 0 [Note] InnoDB: Removed temporary tablespace data file: "ibtmp1"
2024-02-01 11:17:53 0 [Note] InnoDB: Creating shared tablespace for temporary tables
2024-02-01 11:17:53 0 [Note] InnoDB: Setting file 'C:\Users\johns\Xampp\mysql\data\ibtmp1' size to 12 MB. Physically writing the file full; Please wait ...
2024-02-01 11:17:53 0 [Note] InnoDB: File 'C:\Users\johns\Xampp\mysql\data\ibtmp1' size is now 12 MB.
2024-02-01 11:17:53 0 [Note] InnoDB: Waiting for purge to start
2024-02-01 11:17:53 0 [Note] InnoDB: 10.4.32 started; log sequence number 304289; transaction id 216
2024-02-01 11:17:53 0 [Note] InnoDB: Loading buffer pool(s) from C:\Users\johns\Xampp\mysql\data\ib_buffer_pool
2024-02-01 11:17:53 0 [Note] Plugin 'FEEDBACK' is disabled.
2024-02-01 11:17:53 0 [Note] Server socket created on IP: '::'.
2024-02-01 11:17:56 0 [Note] Starting MariaDB 10.4.32-MariaDB source revision c4143f909528e3fab0677a28631d10389354c491 as process 4824
2024-02-01 11:17:56 0 [Note] InnoDB: Mutexes and rw_locks use Windows interlocked functions
2024-02-01 11:17:56 0 [Note] InnoDB: Uses event mutexes
2024-02-01 11:17:56 0 [Note] InnoDB: Compressed tables use zlib 1.3
2024-02-01 11:17:56 0 [Note] InnoDB: Number of pools: 1
2024-02-01 11:17:56 0 [Note] InnoDB: Using SSE2 crc32 instructions
2024-02-01 11:17:56 0 [Note] InnoDB: Initializing buffer pool, total size = 16M, instances = 1, chunk size = 16M
2024-02-01 11:17:56 0 [Note] InnoDB: Completed initialization of buffer pool
2024-02-01 11:17:56 0 [Note] InnoDB: Starting crash recovery from checkpoint LSN=304280
2024-02-01 11:17:56 0 [Note] InnoDB: 128 out of 128 rollback segments are active.
2024-02-01 11:17:56 0 [Note] InnoDB: Removed temporary tablespace data file: "ibtmp1"
2024-02-01 11:17:56 0 [Note] InnoDB: Creating shared tablespace for temporary tables
2024-02-01 11:17:56 0 [Note] InnoDB: Setting file 'C:\Users\johns\Xampp\mysql\data\ibtmp1' size to 12 MB. Physically writing the file full; Please wait ...
2024-02-01 11:17:56 0 [Note] InnoDB: File 'C:\Users\johns\Xampp\mysql\data\ibtmp1' size is now 12 MB.
2024-02-01 11:17:56 0 [Note] InnoDB: Waiting for purge to start
2024-02-01 11:17:56 0 [Note] InnoDB: 10.4.32 started; log sequence number 304289; transaction id 216
2024-02-01 11:17:56 0 [Note] InnoDB: Loading buffer pool(s) from C:\Users\johns\Xampp\mysql\data\ib_buffer_pool
2024-02-01 11:17:56 0 [Note] Plugin 'FEEDBACK' is disabled.
2024-02-01 11:17:56 0 [Note] Server socket created on IP: '::'.
2024-02-02  8:00:45 0 [Note] Starting MariaDB 10.4.32-MariaDB source revision c4143f909528e3fab0677a28631d10389354c491 as process 13156
2024-02-02  8:00:45 0 [Note] InnoDB: Mutexes and rw_locks use Windows interlocked functions
2024-02-02  8:00:45 0 [Note] InnoDB: Uses event mutexes
2024-02-02  8:00:45 0 [Note] InnoDB: Compressed tables use zlib 1.3
2024-02-02  8:00:45 0 [Note] InnoDB: Number of pools: 1
2024-02-02  8:00:45 0 [Note] InnoDB: Using SSE2 crc32 instructions
2024-02-02  8:00:45 0 [Note] InnoDB: Initializing buffer pool, total size = 16M, instances = 1, chunk size = 16M
2024-02-02  8:00:45 0 [Note] InnoDB: Completed initialization of buffer pool
2024-02-02  8:00:45 0 [Note] InnoDB: Starting crash recovery from checkpoint LSN=311410
2024-02-02  8:00:45 0 [Note] InnoDB: 128 out of 128 rollback segments are active.
2024-02-02  8:00:45 0 [Note] InnoDB: Removed temporary tablespace data file: "ibtmp1"
2024-02-02  8:00:45 0 [Note] InnoDB: Creating shared tablespace for temporary tables
2024-02-02  8:00:45 0 [Note] InnoDB: Setting file 'C:\Users\johns\Xampp\mysql\data\ibtmp1' size to 12 MB. Physically writing the file full; Please wait ...
2024-02-02  8:00:45 0 [Note] InnoDB: File 'C:\Users\johns\Xampp\mysql\data\ibtmp1' size is now 12 MB.
2024-02-02  8:00:45 0 [Note] InnoDB: Waiting for purge to start
2024-02-02  8:00:45 0 [Note] InnoDB: 10.4.32 started; log sequence number 311419; transaction id 260
2024-02-02  8:00:45 0 [Note] InnoDB: Loading buffer pool(s) from C:\Users\johns\Xampp\mysql\data\ib_buffer_pool
2024-02-02  8:00:45 0 [Note] Plugin 'FEEDBACK' is disabled.
2024-02-02  8:00:45 0 [Note] InnoDB: Buffer pool(s) load completed at 240202  8:00:45
2024-02-02  8:00:45 0 [Note] Server socket created on IP: '::'.
2024-02-05  9:39:30 0 [Note] Starting MariaDB 10.4.32-MariaDB source revision c4143f909528e3fab0677a28631d10389354c491 as process 22596
2024-02-05  9:39:31 0 [Note] InnoDB: Mutexes and rw_locks use Windows interlocked functions
2024-02-05  9:39:31 0 [Note] InnoDB: Uses event mutexes
2024-02-05  9:39:31 0 [Note] InnoDB: Compressed tables use zlib 1.3
2024-02-05  9:39:31 0 [Note] InnoDB: Number of pools: 1
2024-02-05  9:39:31 0 [Note] InnoDB: Using SSE2 crc32 instructions
2024-02-05  9:39:31 0 [Note] InnoDB: Initializing buffer pool, total size = 16M, instances = 1, chunk size = 16M
2024-02-05  9:39:31 0 [Note] InnoDB: Completed initialization of buffer pool
2024-02-05  9:39:31 0 [Note] InnoDB: Starting crash recovery from checkpoint LSN=345257
2024-02-05  9:39:31 0 [Note] InnoDB: 128 out of 128 rollback segments are active.
2024-02-05  9:39:31 0 [Note] InnoDB: Removed temporary tablespace data file: "ibtmp1"
2024-02-05  9:39:31 0 [Note] InnoDB: Creating shared tablespace for temporary tables
2024-02-05  9:39:31 0 [Note] InnoDB: Setting file 'C:\Users\johns\Xampp\mysql\data\ibtmp1' size to 12 MB. Physically writing the file full; Please wait ...
2024-02-05  9:39:31 0 [Note] InnoDB: File 'C:\Users\johns\Xampp\mysql\data\ibtmp1' size is now 12 MB.
2024-02-05  9:39:31 0 [Note] InnoDB: Waiting for purge to start
2024-02-05  9:39:31 0 [Note] InnoDB: 10.4.32 started; log sequence number 345266; transaction id 396
2024-02-05  9:39:31 0 [Note] InnoDB: Loading buffer pool(s) from C:\Users\johns\Xampp\mysql\data\ib_buffer_pool
2024-02-05  9:39:31 0 [Note] Plugin 'FEEDBACK' is disabled.
2024-02-05  9:39:31 0 [Note] InnoDB: Buffer pool(s) load completed at 240205  9:39:31
2024-02-05  9:39:31 0 [Note] Server socket created on IP: '::'.
2024-02-05  9:39:36 0 [Note] Starting MariaDB 10.4.32-MariaDB source revision c4143f909528e3fab0677a28631d10389354c491 as process 7480
2024-02-05  9:39:36 0 [Note] InnoDB: Mutexes and rw_locks use Windows interlocked functions
2024-02-05  9:39:36 0 [Note] InnoDB: Uses event mutexes
2024-02-05  9:39:36 0 [Note] InnoDB: Compressed tables use zlib 1.3
2024-02-05  9:39:36 0 [Note] InnoDB: Number of pools: 1
2024-02-05  9:39:36 0 [Note] InnoDB: Using SSE2 crc32 instructions
2024-02-05  9:39:36 0 [Note] InnoDB: Initializing buffer pool, total size = 16M, instances = 1, chunk size = 16M
2024-02-05  9:39:36 0 [Note] InnoDB: Completed initialization of buffer pool
2024-02-05  9:39:36 0 [Note] InnoDB: Starting crash recovery from checkpoint LSN=345257
2024-02-05  9:39:36 0 [Note] InnoDB: 128 out of 128 rollback segments are active.
2024-02-05  9:39:36 0 [Note] InnoDB: Removed temporary tablespace data file: "ibtmp1"
2024-02-05  9:39:36 0 [Note] InnoDB: Creating shared tablespace for temporary tables
2024-02-05  9:39:36 0 [Note] InnoDB: Setting file 'C:\Users\johns\Xampp\mysql\data\ibtmp1' size to 12 MB. Physically writing the file full; Please wait ...
2024-02-05  9:39:36 0 [Note] InnoDB: File 'C:\Users\johns\Xampp\mysql\data\ibtmp1' size is now 12 MB.
2024-02-05  9:39:36 0 [Note] InnoDB: Waiting for purge to start
2024-02-05  9:39:36 0 [Note] InnoDB: 10.4.32 started; log sequence number 345266; transaction id 396
2024-02-05  9:39:36 0 [Note] InnoDB: Loading buffer pool(s) from C:\Users\johns\Xampp\mysql\data\ib_buffer_pool
2024-02-05  9:39:36 0 [Note] Plugin 'FEEDBACK' is disabled.
2024-02-05  9:39:36 0 [Note] Server socket created on IP: '::'.
2024-02-06 11:15:02 0 [Note] Starting MariaDB 10.4.32-MariaDB source revision c4143f909528e3fab0677a28631d10389354c491 as process 9256
2024-02-06 11:15:02 0 [Note] InnoDB: Mutexes and rw_locks use Windows interlocked functions
2024-02-06 11:15:02 0 [Note] InnoDB: Uses event mutexes
2024-02-06 11:15:02 0 [Note] InnoDB: Compressed tables use zlib 1.3
2024-02-06 11:15:02 0 [Note] InnoDB: Number of pools: 1
2024-02-06 11:15:02 0 [Note] InnoDB: Using SSE2 crc32 instructions
2024-02-06 11:15:02 0 [Note] InnoDB: Initializing buffer pool, total size = 16M, instances = 1, chunk size = 16M
2024-02-06 11:15:02 0 [Note] InnoDB: Completed initialization of buffer pool
2024-02-06 11:15:02 0 [Note] InnoDB: Starting crash recovery from checkpoint LSN=346107
2024-02-06 11:15:02 0 [Note] InnoDB: 128 out of 128 rollback segments are active.
2024-02-06 11:15:02 0 [Note] InnoDB: Removed temporary tablespace data file: "ibtmp1"
2024-02-06 11:15:02 0 [Note] InnoDB: Creating shared tablespace for temporary tables
2024-02-06 11:15:02 0 [Note] InnoDB: Setting file 'C:\Users\johns\Xampp\mysql\data\ibtmp1' size to 12 MB. Physically writing the file full; Please wait ...
2024-02-06 11:15:02 0 [Note] InnoDB: File 'C:\Users\johns\Xampp\mysql\data\ibtmp1' size is now 12 MB.
2024-02-06 11:15:02 0 [Note] InnoDB: Waiting for purge to start
2024-02-06 11:15:02 0 [Note] InnoDB: 10.4.32 started; log sequence number 346132; transaction id 422
2024-02-06 11:15:02 0 [Note] InnoDB: Loading buffer pool(s) from C:\Users\johns\Xampp\mysql\data\ib_buffer_pool
2024-02-06 11:15:02 0 [Note] Plugin 'FEEDBACK' is disabled.
2024-02-06 11:15:02 0 [Note] InnoDB: Buffer pool(s) load completed at 240206 11:15:02
2024-02-06 11:15:02 0 [Note] Server socket created on IP: '::'.
2024-02-06 11:20:56 0 [Note] Starting MariaDB 10.4.32-MariaDB source revision c4143f909528e3fab0677a28631d10389354c491 as process 16876
2024-02-06 11:20:56 0 [Note] InnoDB: Mutexes and rw_locks use Windows interlocked functions
2024-02-06 11:20:56 0 [Note] InnoDB: Uses event mutexes
2024-02-06 11:20:56 0 [Note] InnoDB: Compressed tables use zlib 1.3
2024-02-06 11:20:56 0 [Note] InnoDB: Number of pools: 1
2024-02-06 11:20:56 0 [Note] InnoDB: Using SSE2 crc32 instructions
2024-02-06 11:20:56 0 [Note] InnoDB: Initializing buffer pool, total size = 16M, instances = 1, chunk size = 16M
2024-02-06 11:20:56 0 [Note] InnoDB: Completed initialization of buffer pool
2024-02-06 11:20:56 0 [Note] InnoDB: Starting crash recovery from checkpoint LSN=346141
2024-02-06 11:20:56 0 [Note] InnoDB: Starting final batch to recover 1 pages from redo log.
2024-02-06 11:20:57 0 [Note] InnoDB: 128 out of 128 rollback segments are active.
2024-02-06 11:20:57 0 [Note] InnoDB: Removed temporary tablespace data file: "ibtmp1"
2024-02-06 11:20:57 0 [Note] InnoDB: Creating shared tablespace for temporary tables
2024-02-06 11:20:57 0 [Note] InnoDB: Setting file 'C:\Users\johns\Xampp\mysql\data\ibtmp1' size to 12 MB. Physically writing the file full; Please wait ...
2024-02-06 11:20:57 0 [Note] InnoDB: File 'C:\Users\johns\Xampp\mysql\data\ibtmp1' size is now 12 MB.
2024-02-06 11:20:57 0 [Note] InnoDB: Waiting for purge to start
2024-02-06 11:20:57 0 [Note] InnoDB: 10.4.32 started; log sequence number 346395; transaction id 446
2024-02-06 11:20:57 0 [Note] Plugin 'FEEDBACK' is disabled.
2024-02-06 11:20:57 0 [Note] InnoDB: Loading buffer pool(s) from C:\Users\johns\Xampp\mysql\data\ib_buffer_pool
2024-02-06 11:20:57 0 [Note] InnoDB: Buffer pool(s) load completed at 240206 11:20:57
2024-02-06 11:20:57 0 [Note] Server socket created on IP: '::'.
2024-02-06 11:25:49 0 [Note] Starting MariaDB 10.4.32-MariaDB source revision c4143f909528e3fab0677a28631d10389354c491 as process 7744
2024-02-06 11:25:49 0 [Note] InnoDB: Mutexes and rw_locks use Windows interlocked functions
2024-02-06 11:25:49 0 [Note] InnoDB: Uses event mutexes
2024-02-06 11:25:49 0 [Note] InnoDB: Compressed tables use zlib 1.3
2024-02-06 11:25:49 0 [Note] InnoDB: Number of pools: 1
2024-02-06 11:25:49 0 [Note] InnoDB: Using SSE2 crc32 instructions
2024-02-06 11:25:49 0 [Note] InnoDB: Initializing buffer pool, total size = 16M, instances = 1, chunk size = 16M
2024-02-06 11:25:49 0 [Note] InnoDB: Completed initialization of buffer pool
2024-02-06 11:25:49 0 [Note] InnoDB: Starting crash recovery from checkpoint LSN=346489
2024-02-06 11:25:50 0 [Note] InnoDB: 128 out of 128 rollback segments are active.
2024-02-06 11:25:50 0 [Note] InnoDB: Removed temporary tablespace data file: "ibtmp1"
2024-02-06 11:25:50 0 [Note] InnoDB: Creating shared tablespace for temporary tables
2024-02-06 11:25:50 0 [Note] InnoDB: Setting file 'C:\Users\johns\Xampp\mysql\data\ibtmp1' size to 12 MB. Physically writing the file full; Please wait ...
2024-02-06 11:25:50 0 [Note] InnoDB: File 'C:\Users\johns\Xampp\mysql\data\ibtmp1' size is now 12 MB.
2024-02-06 11:25:50 0 [Note] InnoDB: Waiting for purge to start
2024-02-06 11:25:50 0 [Note] InnoDB: 10.4.32 started; log sequence number 346498; transaction id 446
2024-02-06 11:25:50 0 [Note] InnoDB: Loading buffer pool(s) from C:\Users\johns\Xampp\mysql\data\ib_buffer_pool
2024-02-06 11:25:50 0 [Note] Plugin 'FEEDBACK' is disabled.
2024-02-06 11:25:50 0 [Note] Server socket created on IP: '::'.
2024-02-06 11:25:50 0 [Note] InnoDB: Buffer pool(s) load completed at 240206 11:25:50
2024-02-06 11:46:36 0 [Note] Starting MariaDB 10.4.32-MariaDB source revision c4143f909528e3fab0677a28631d10389354c491 as process 5812
2024-02-06 11:46:36 0 [Note] InnoDB: Mutexes and rw_locks use Windows interlocked functions
2024-02-06 11:46:36 0 [Note] InnoDB: Uses event mutexes
2024-02-06 11:46:36 0 [Note] InnoDB: Compressed tables use zlib 1.3
2024-02-06 11:46:36 0 [Note] InnoDB: Number of pools: 1
2024-02-06 11:46:36 0 [Note] InnoDB: Using SSE2 crc32 instructions
2024-02-06 11:46:36 0 [Note] InnoDB: Initializing buffer pool, total size = 16M, instances = 1, chunk size = 16M
2024-02-06 11:46:36 0 [Note] InnoDB: Completed initialization of buffer pool
2024-02-06 11:46:36 0 [Note] InnoDB: Starting crash recovery from checkpoint LSN=346489
2024-02-06 11:46:36 0 [Warning] InnoDB: Ignoring a doublewrite copy of page [page id: space=0, page number=195] with future log sequence number 347049
2024-02-06 11:46:36 0 [Warning] InnoDB: Ignoring a doublewrite copy of page [page id: space=16, page number=3] with future log sequence number 347069
2024-02-06 11:46:36 0 [Warning] InnoDB: Ignoring a doublewrite copy of page [page id: space=0, page number=332] with future log sequence number 347049
2024-02-06 11:46:36 0 [ERROR] InnoDB: Page [page id: space=0, page number=47] log sequence number 346804 is in the future! Current system log sequence number 346507.
2024-02-06 11:46:36 0 [ERROR] InnoDB: Your database may be corrupt or you may have copied the InnoDB tablespace but not the InnoDB log files. Please refer to https://mariadb.com/kb/en/library/innodb-recovery-modes/ for information about forcing recovery.
2024-02-06 11:46:36 0 [ERROR] InnoDB: Page [page id: space=0, page number=311] log sequence number 346804 is in the future! Current system log sequence number 346507.
2024-02-06 11:46:36 0 [ERROR] InnoDB: Your database may be corrupt or you may have copied the InnoDB tablespace but not the InnoDB log files. Please refer to https://mariadb.com/kb/en/library/innodb-recovery-modes/ for information about forcing recovery.
2024-02-06 11:46:36 0 [ERROR] InnoDB: Page [page id: space=0, page number=195] log sequence number 347049 is in the future! Current system log sequence number 346507.
2024-02-06 11:46:36 0 [ERROR] InnoDB: Your database may be corrupt or you may have copied the InnoDB tablespace but not the InnoDB log files. Please refer to https://mariadb.com/kb/en/library/innodb-recovery-modes/ for information about forcing recovery.
2024-02-06 11:46:36 0 [ERROR] InnoDB: Page [page id: space=0, page number=332] log sequence number 347049 is in the future! Current system log sequence number 346507.
2024-02-06 11:46:36 0 [ERROR] InnoDB: Your database may be corrupt or you may have copied the InnoDB tablespace but not the InnoDB log files. Please refer to https://mariadb.com/kb/en/library/innodb-recovery-modes/ for information about forcing recovery.
2024-02-06 11:46:36 0 [Note] InnoDB: 128 out of 128 rollback segments are active.
2024-02-06 11:46:36 0 [Note] InnoDB: Removed temporary tablespace data file: "ibtmp1"
2024-02-06 11:46:36 0 [Note] InnoDB: Creating shared tablespace for temporary tables
2024-02-06 11:46:36 0 [Note] InnoDB: Setting file 'C:\Users\johns\Xampp\mysql\data\ibtmp1' size to 12 MB. Physically writing the file full; Please wait ...
2024-02-06 11:46:36 0 [Note] InnoDB: File 'C:\Users\johns\Xampp\mysql\data\ibtmp1' size is now 12 MB.
2024-02-06 11:46:36 0 [Note] InnoDB: Waiting for purge to start
2024-02-06 11:46:36 2 [ERROR] InnoDB: Page [page id: space=24, page number=3] log sequence number 346824 is in the future! Current system log sequence number 346507.
2024-02-06 11:46:36 2 [ERROR] InnoDB: Your database may be corrupt or you may have copied the InnoDB tablespace but not the InnoDB log files. Please refer to https://mariadb.com/kb/en/library/innodb-recovery-modes/ for information about forcing recovery.
2024-02-06 11:46:36 1 [ERROR] InnoDB: Page [page id: space=16, page number=3] log sequence number 347069 is in the future! Current system log sequence number 346507.
2024-02-06 11:46:36 1 [ERROR] InnoDB: Your database may be corrupt or you may have copied the InnoDB tablespace but not the InnoDB log files. Please refer to https://mariadb.com/kb/en/library/innodb-recovery-modes/ for information about forcing recovery.
2024-02-06 11:46:36 0 [Note] InnoDB: 10.4.32 started; log sequence number 346498; transaction id 472
2024-02-06 11:46:36 0 [Note] InnoDB: Loading buffer pool(s) from C:\Users\johns\Xampp\mysql\data\ib_buffer_pool
2024-02-06 11:46:36 0 [Note] Plugin 'FEEDBACK' is disabled.
2024-02-06 11:46:36 0 [Note] InnoDB: Buffer pool(s) load completed at 240206 11:46:36
2024-02-06 11:46:36 0 [Note] Server socket created on IP: '::'.
2024-02-06 11:53:22 0 [Note] Starting MariaDB 10.4.32-MariaDB source revision c4143f909528e3fab0677a28631d10389354c491 as process 6104
2024-02-06 11:53:22 0 [Note] InnoDB: Mutexes and rw_locks use Windows interlocked functions
2024-02-06 11:53:22 0 [Note] InnoDB: Uses event mutexes
2024-02-06 11:53:22 0 [Note] InnoDB: Compressed tables use zlib 1.3
2024-02-06 11:53:22 0 [Note] InnoDB: Number of pools: 1
2024-02-06 11:53:22 0 [Note] InnoDB: Using SSE2 crc32 instructions
2024-02-06 11:53:22 0 [Note] InnoDB: Initializing buffer pool, total size = 16M, instances = 1, chunk size = 16M
2024-02-06 11:53:22 0 [Note] InnoDB: Completed initialization of buffer pool
2024-02-06 11:53:22 0 [Note] InnoDB: Starting crash recovery from checkpoint LSN=346507
2024-02-06 11:53:22 0 [Warning] InnoDB: Ignoring a doublewrite copy of page [page id: space=0, page number=195] with future log sequence number 347049
2024-02-06 11:53:22 0 [Warning] InnoDB: Ignoring a doublewrite copy of page [page id: space=16, page number=3] with future log sequence number 347069
2024-02-06 11:53:22 0 [Warning] InnoDB: Ignoring a doublewrite copy of page [page id: space=0, page number=332] with future log sequence number 347049
2024-02-06 11:53:22 0 [ERROR] InnoDB: Page [page id: space=0, page number=47] log sequence number 346804 is in the future! Current system log sequence number 346525.
2024-02-06 11:53:22 0 [ERROR] InnoDB: Your database may be corrupt or you may have copied the InnoDB tablespace but not the InnoDB log files. Please refer to https://mariadb.com/kb/en/library/innodb-recovery-modes/ for information about forcing recovery.
2024-02-06 11:53:22 0 [ERROR] InnoDB: Page [page id: space=0, page number=311] log sequence number 346804 is in the future! Current system log sequence number 346525.
2024-02-06 11:53:22 0 [ERROR] InnoDB: Your database may be corrupt or you may have copied the InnoDB tablespace but not the InnoDB log files. Please refer to https://mariadb.com/kb/en/library/innodb-recovery-modes/ for information about forcing recovery.
2024-02-06 11:53:22 0 [ERROR] InnoDB: Page [page id: space=0, page number=195] log sequence number 347049 is in the future! Current system log sequence number 346525.
2024-02-06 11:53:22 0 [ERROR] InnoDB: Your database may be corrupt or you may have copied the InnoDB tablespace but not the InnoDB log files. Please refer to https://mariadb.com/kb/en/library/innodb-recovery-modes/ for information about forcing recovery.
2024-02-06 11:53:22 0 [ERROR] InnoDB: Page [page id: space=0, page number=332] log sequence number 347049 is in the future! Current system log sequence number 346525.
2024-02-06 11:53:22 0 [ERROR] InnoDB: Your database may be corrupt or you may have copied the InnoDB tablespace but not the InnoDB log files. Please refer to https://mariadb.com/kb/en/library/innodb-recovery-modes/ for information about forcing recovery.
2024-02-06 11:53:23 0 [Note] InnoDB: 128 out of 128 rollback segments are active.
2024-02-06 11:53:23 0 [Note] InnoDB: Removed temporary tablespace data file: "ibtmp1"
2024-02-06 11:53:23 0 [Note] InnoDB: Creating shared tablespace for temporary tables
2024-02-06 11:53:23 0 [Note] InnoDB: Setting file 'C:\Users\johns\Xampp\mysql\data\ibtmp1' size to 12 MB. Physically writing the file full; Please wait ...
2024-02-06 11:53:23 0 [Note] InnoDB: File 'C:\Users\johns\Xampp\mysql\data\ibtmp1' size is now 12 MB.
2024-02-06 11:53:23 0 [Note] InnoDB: Waiting for purge to start
2024-02-06 11:53:23 2 [ERROR] InnoDB: Page [page id: space=16, page number=3] log sequence number 347069 is in the future! Current system log sequence number 346525.
2024-02-06 11:53:23 2 [ERROR] InnoDB: Your database may be corrupt or you may have copied the InnoDB tablespace but not the InnoDB log files. Please refer to https://mariadb.com/kb/en/library/innodb-recovery-modes/ for information about forcing recovery.
2024-02-06 11:53:23 2 [ERROR] InnoDB: Page [page id: space=24, page number=3] log sequence number 346824 is in the future! Current system log sequence number 346525.
2024-02-06 11:53:23 2 [ERROR] InnoDB: Your database may be corrupt or you may have copied the InnoDB tablespace but not the InnoDB log files. Please refer to https://mariadb.com/kb/en/library/innodb-recovery-modes/ for information about forcing recovery.
2024-02-06 11:53:23 0 [Note] InnoDB: 10.4.32 started; log sequence number 346516; transaction id 472
2024-02-06 11:53:23 0 [Note] InnoDB: Loading buffer pool(s) from C:\Users\johns\Xampp\mysql\data\ib_buffer_pool
2024-02-06 11:53:23 0 [Note] Plugin 'FEEDBACK' is disabled.
2024-02-06 11:53:23 0 [Note] Server socket created on IP: '::'.
2024-02-06 11:53:31 0 [Note] Starting MariaDB 10.4.32-MariaDB source revision c4143f909528e3fab0677a28631d10389354c491 as process 2108
2024-02-06 11:53:31 0 [Note] InnoDB: Mutexes and rw_locks use Windows interlocked functions
2024-02-06 11:53:31 0 [Note] InnoDB: Uses event mutexes
2024-02-06 11:53:31 0 [Note] InnoDB: Compressed tables use zlib 1.3
2024-02-06 11:53:31 0 [Note] InnoDB: Number of pools: 1
2024-02-06 11:53:31 0 [Note] InnoDB: Using SSE2 crc32 instructions
2024-02-06 11:53:31 0 [Note] InnoDB: Initializing buffer pool, total size = 16M, instances = 1, chunk size = 16M
2024-02-06 11:53:31 0 [Note] InnoDB: Completed initialization of buffer pool
2024-02-06 11:53:31 0 [Note] InnoDB: Starting crash recovery from checkpoint LSN=346507
2024-02-06 11:53:31 0 [Warning] InnoDB: Ignoring a doublewrite copy of page [page id: space=0, page number=195] with future log sequence number 347049
2024-02-06 11:53:31 0 [Warning] InnoDB: Ignoring a doublewrite copy of page [page id: space=16, page number=3] with future log sequence number 347069
2024-02-06 11:53:31 0 [Warning] InnoDB: Ignoring a doublewrite copy of page [page id: space=0, page number=332] with future log sequence number 347049
2024-02-06 11:53:31 0 [ERROR] InnoDB: Page [page id: space=0, page number=47] log sequence number 346804 is in the future! Current system log sequence number 346525.
2024-02-06 11:53:31 0 [ERROR] InnoDB: Your database may be corrupt or you may have copied the InnoDB tablespace but not the InnoDB log files. Please refer to https://mariadb.com/kb/en/library/innodb-recovery-modes/ for information about forcing recovery.
2024-02-06 11:53:31 0 [ERROR] InnoDB: Page [page id: space=0, page number=311] log sequence number 346804 is in the future! Current system log sequence number 346525.
2024-02-06 11:53:31 0 [ERROR] InnoDB: Your database may be corrupt or you may have copied the InnoDB tablespace but not the InnoDB log files. Please refer to https://mariadb.com/kb/en/library/innodb-recovery-modes/ for information about forcing recovery.
2024-02-06 11:53:31 0 [ERROR] InnoDB: Page [page id: space=0, page number=195] log sequence number 347049 is in the future! Current system log sequence number 346525.
2024-02-06 11:53:31 0 [ERROR] InnoDB: Your database may be corrupt or you may have copied the InnoDB tablespace but not the InnoDB log files. Please refer to https://mariadb.com/kb/en/library/innodb-recovery-modes/ for information about forcing recovery.
2024-02-06 11:53:31 0 [ERROR] InnoDB: Page [page id: space=0, page number=332] log sequence number 347049 is in the future! Current system log sequence number 346525.
2024-02-06 11:53:31 0 [ERROR] InnoDB: Your database may be corrupt or you may have copied the InnoDB tablespace but not the InnoDB log files. Please refer to https://mariadb.com/kb/en/library/innodb-recovery-modes/ for information about forcing recovery.
2024-02-06 11:53:31 0 [Note] InnoDB: 128 out of 128 rollback segments are active.
2024-02-06 11:53:31 0 [Note] InnoDB: Removed temporary tablespace data file: "ibtmp1"
2024-02-06 11:53:31 0 [Note] InnoDB: Creating shared tablespace for temporary tables
2024-02-06 11:53:31 0 [Note] InnoDB: Setting file 'C:\Users\johns\Xampp\mysql\data\ibtmp1' size to 12 MB. Physically writing the file full; Please wait ...
2024-02-06 11:53:31 0 [Note] InnoDB: File 'C:\Users\johns\Xampp\mysql\data\ibtmp1' size is now 12 MB.
2024-02-06 11:53:31 0 [Note] InnoDB: Waiting for purge to start
2024-02-06 11:53:31 2 [ERROR] InnoDB: Page [page id: space=16, page number=3] log sequence number 347069 is in the future! Current system log sequence number 346525.
2024-02-06 11:53:31 2 [ERROR] InnoDB: Your database may be corrupt or you may have copied the InnoDB tablespace but not the InnoDB log files. Please refer to https://mariadb.com/kb/en/library/innodb-recovery-modes/ for information about forcing recovery.
2024-02-06 11:53:31 2 [ERROR] InnoDB: Page [page id: space=24, page number=3] log sequence number 346824 is in the future! Current system log sequence number 346525.
2024-02-06 11:53:31 2 [ERROR] InnoDB: Your database may be corrupt or you may have copied the InnoDB tablespace but not the InnoDB log files. Please refer to https://mariadb.com/kb/en/library/innodb-recovery-modes/ for information about forcing recovery.
2024-02-06 11:53:31 0 [Note] InnoDB: 10.4.32 started; log sequence number 346516; transaction id 472
2024-02-06 11:53:31 0 [Note] InnoDB: Loading buffer pool(s) from C:\Users\johns\Xampp\mysql\data\ib_buffer_pool
2024-02-06 11:53:31 0 [Note] Plugin 'FEEDBACK' is disabled.
2024-02-06 11:53:31 0 [Note] Server socket created on IP: '::'.
2024-02-16  9:47:44 0 [Note] Starting MariaDB 10.4.32-MariaDB source revision c4143f909528e3fab0677a28631d10389354c491 as process 5512
2024-02-16  9:47:45 0 [Note] InnoDB: Mutexes and rw_locks use Windows interlocked functions
2024-02-16  9:47:45 0 [Note] InnoDB: Uses event mutexes
2024-02-16  9:47:45 0 [Note] InnoDB: Compressed tables use zlib 1.3
2024-02-16  9:47:45 0 [Note] InnoDB: Number of pools: 1
2024-02-16  9:47:45 0 [Note] InnoDB: Using SSE2 crc32 instructions
2024-02-16  9:47:45 0 [Note] InnoDB: Initializing buffer pool, total size = 16M, instances = 1, chunk size = 16M
2024-02-16  9:47:45 0 [Note] InnoDB: Completed initialization of buffer pool
2024-02-16  9:47:45 0 [Note] InnoDB: Starting crash recovery from checkpoint LSN=346883
2024-02-16  9:47:45 0 [Warning] InnoDB: Ignoring a doublewrite copy of page [page id: space=0, page number=195] with future log sequence number 347049
2024-02-16  9:47:45 0 [ERROR] InnoDB: Page [page id: space=0, page number=195] log sequence number 347049 is in the future! Current system log sequence number 346901.
2024-02-16  9:47:45 0 [ERROR] InnoDB: Your database may be corrupt or you may have copied the InnoDB tablespace but not the InnoDB log files. Please refer to https://mariadb.com/kb/en/library/innodb-recovery-modes/ for information about forcing recovery.
2024-02-16  9:47:45 0 [ERROR] InnoDB: Page [page id: space=0, page number=332] log sequence number 347049 is in the future! Current system log sequence number 346901.
2024-02-16  9:47:45 0 [ERROR] InnoDB: Your database may be corrupt or you may have copied the InnoDB tablespace but not the InnoDB log files. Please refer to https://mariadb.com/kb/en/library/innodb-recovery-modes/ for information about forcing recovery.
2024-02-16  9:47:45 0 [Note] InnoDB: 128 out of 128 rollback segments are active.
2024-02-16  9:47:45 0 [Note] InnoDB: Removed temporary tablespace data file: "ibtmp1"
2024-02-16  9:47:45 0 [Note] InnoDB: Creating shared tablespace for temporary tables
2024-02-16  9:47:45 0 [Note] InnoDB: Setting file 'C:\Users\johns\Xampp\mysql\data\ibtmp1' size to 12 MB. Physically writing the file full; Please wait ...
2024-02-16  9:47:45 0 [Note] InnoDB: File 'C:\Users\johns\Xampp\mysql\data\ibtmp1' size is now 12 MB.
2024-02-16  9:47:45 0 [Note] InnoDB: Waiting for purge to start
2024-02-16  9:47:45 2 [ERROR] InnoDB: Page [page id: space=16, page number=3] log sequence number 347069 is in the future! Current system log sequence number 346901.
2024-02-16  9:47:45 2 [ERROR] InnoDB: Your database may be corrupt or you may have copied the InnoDB tablespace but not the InnoDB log files. Please refer to https://mariadb.com/kb/en/library/innodb-recovery-modes/ for information about forcing recovery.
2024-02-16  9:47:45 0 [Note] InnoDB: 10.4.32 started; log sequence number 346892; transaction id 477
2024-02-16  9:47:45 0 [Note] InnoDB: Loading buffer pool(s) from C:\Users\johns\Xampp\mysql\data\ib_buffer_pool
2024-02-16  9:47:45 0 [Note] Plugin 'FEEDBACK' is disabled.
2024-02-16  9:47:45 0 [Note] InnoDB: Buffer pool(s) load completed at 240216  9:47:45
2024-02-16  9:47:45 0 [Note] Server socket created on IP: '::'.
2024-02-16 23:20:19 0 [Note] Starting MariaDB 10.4.32-MariaDB source revision c4143f909528e3fab0677a28631d10389354c491 as process 17068
2024-02-16 23:20:19 0 [Note] InnoDB: Mutexes and rw_locks use Windows interlocked functions
2024-02-16 23:20:19 0 [Note] InnoDB: Uses event mutexes
2024-02-16 23:20:19 0 [Note] InnoDB: Compressed tables use zlib 1.3
2024-02-16 23:20:19 0 [Note] InnoDB: Number of pools: 1
2024-02-16 23:20:19 0 [Note] InnoDB: Using SSE2 crc32 instructions
2024-02-16 23:20:19 0 [Note] InnoDB: Initializing buffer pool, total size = 16M, instances = 1, chunk size = 16M
2024-02-16 23:20:19 0 [Note] InnoDB: Completed initialization of buffer pool
2024-02-16 23:20:19 0 [Note] InnoDB: Starting crash recovery from checkpoint LSN=346901
2024-02-16 23:20:19 0 [Warning] InnoDB: Ignoring a doublewrite copy of page [page id: space=0, page number=195] with future log sequence number 347049
2024-02-16 23:20:19 0 [ERROR] InnoDB: Page [page id: space=0, page number=195] log sequence number 347049 is in the future! Current system log sequence number 346919.
2024-02-16 23:20:19 0 [ERROR] InnoDB: Your database may be corrupt or you may have copied the InnoDB tablespace but not the InnoDB log files. Please refer to https://mariadb.com/kb/en/library/innodb-recovery-modes/ for information about forcing recovery.
2024-02-16 23:20:19 0 [ERROR] InnoDB: Page [page id: space=0, page number=332] log sequence number 347049 is in the future! Current system log sequence number 346919.
2024-02-16 23:20:19 0 [ERROR] InnoDB: Your database may be corrupt or you may have copied the InnoDB tablespace but not the InnoDB log files. Please refer to https://mariadb.com/kb/en/library/innodb-recovery-modes/ for information about forcing recovery.
2024-02-16 23:20:20 0 [Note] InnoDB: 128 out of 128 rollback segments are active.
2024-02-16 23:20:20 0 [Note] InnoDB: Removed temporary tablespace data file: "ibtmp1"
2024-02-16 23:20:20 0 [Note] InnoDB: Creating shared tablespace for temporary tables
2024-02-16 23:20:20 0 [Note] InnoDB: Setting file 'C:\Users\johns\Xampp\mysql\data\ibtmp1' size to 12 MB. Physically writing the file full; Please wait ...
2024-02-16 23:20:20 0 [Note] InnoDB: File 'C:\Users\johns\Xampp\mysql\data\ibtmp1' size is now 12 MB.
2024-02-16 23:20:20 0 [Note] InnoDB: Waiting for purge to start
2024-02-16 23:20:20 1 [ERROR] InnoDB: Page [page id: space=16, page number=3] log sequence number 347069 is in the future! Current system log sequence number 346919.
2024-02-16 23:20:20 1 [ERROR] InnoDB: Your database may be corrupt or you may have copied the InnoDB tablespace but not the InnoDB log files. Please refer to https://mariadb.com/kb/en/library/innodb-recovery-modes/ for information about forcing recovery.
2024-02-16 23:20:20 0 [Note] InnoDB: 10.4.32 started; log sequence number 346910; transaction id 477
2024-02-16 23:20:20 0 [Note] InnoDB: Loading buffer pool(s) from C:\Users\johns\Xampp\mysql\data\ib_buffer_pool
2024-02-16 23:20:20 0 [Note] Plugin 'FEEDBACK' is disabled.
2024-02-16 23:20:20 0 [Note] InnoDB: Buffer pool(s) load completed at 240216 23:20:20
2024-02-16 23:20:20 0 [Note] Server socket created on IP: '::'.
2024-02-20 10:47:25 0 [Note] Starting MariaDB 10.4.32-MariaDB source revision c4143f909528e3fab0677a28631d10389354c491 as process 4496
2024-02-20 10:47:25 0 [Note] InnoDB: Mutexes and rw_locks use Windows interlocked functions
2024-02-20 10:47:25 0 [Note] InnoDB: Uses event mutexes
2024-02-20 10:47:25 0 [Note] InnoDB: Compressed tables use zlib 1.3
2024-02-20 10:47:25 0 [Note] InnoDB: Number of pools: 1
2024-02-20 10:47:25 0 [Note] InnoDB: Using SSE2 crc32 instructions
2024-02-20 10:47:25 0 [Note] InnoDB: Initializing buffer pool, total size = 16M, instances = 1, chunk size = 16M
2024-02-20 10:47:25 0 [Note] InnoDB: Completed initialization of buffer pool
2024-02-20 10:47:25 0 [Note] InnoDB: Starting crash recovery from checkpoint LSN=347290
2024-02-20 10:47:25 0 [Note] InnoDB: 128 out of 128 rollback segments are active.
2024-02-20 10:47:25 0 [Note] InnoDB: Removed temporary tablespace data file: "ibtmp1"
2024-02-20 10:47:25 0 [Note] InnoDB: Creating shared tablespace for temporary tables
2024-02-20 10:47:25 0 [Note] InnoDB: Setting file 'C:\Users\johns\Xampp\mysql\data\ibtmp1' size to 12 MB. Physically writing the file full; Please wait ...
2024-02-20 10:47:25 0 [Note] InnoDB: File 'C:\Users\johns\Xampp\mysql\data\ibtmp1' size is now 12 MB.
2024-02-20 10:47:25 0 [Note] InnoDB: Waiting for purge to start
2024-02-20 10:47:25 0 [Note] InnoDB: 10.4.32 started; log sequence number 347299; transaction id 482
2024-02-20 10:47:25 0 [Note] InnoDB: Loading buffer pool(s) from C:\Users\johns\Xampp\mysql\data\ib_buffer_pool
2024-02-20 10:47:25 0 [Note] Plugin 'FEEDBACK' is disabled.
2024-02-20 10:47:25 0 [Note] InnoDB: Buffer pool(s) load completed at 240220 10:47:25
2024-02-20 10:47:25 0 [Note] Server socket created on IP: '::'.
2024-02-20 11:07:28 0 [Note] Starting MariaDB 10.4.32-MariaDB source revision c4143f909528e3fab0677a28631d10389354c491 as process 12020
2024-02-20 11:07:28 0 [Note] InnoDB: Mutexes and rw_locks use Windows interlocked functions
2024-02-20 11:07:28 0 [Note] InnoDB: Uses event mutexes
2024-02-20 11:07:28 0 [Note] InnoDB: Compressed tables use zlib 1.3
2024-02-20 11:07:28 0 [Note] InnoDB: Number of pools: 1
2024-02-20 11:07:28 0 [Note] InnoDB: Using SSE2 crc32 instructions
2024-02-20 11:07:28 0 [Note] InnoDB: Initializing buffer pool, total size = 16M, instances = 1, chunk size = 16M
2024-02-20 11:07:28 0 [Note] InnoDB: Completed initialization of buffer pool
2024-02-20 11:07:28 0 [Note] InnoDB: Starting crash recovery from checkpoint LSN=347678
2024-02-20 11:07:28 0 [Note] InnoDB: 128 out of 128 rollback segments are active.
2024-02-20 11:07:28 0 [Note] InnoDB: Removed temporary tablespace data file: "ibtmp1"
2024-02-20 11:07:28 0 [Note] InnoDB: Creating shared tablespace for temporary tables
2024-02-20 11:07:28 0 [Note] InnoDB: Setting file 'C:\Users\johns\Xampp\mysql\data\ibtmp1' size to 12 MB. Physically writing the file full; Please wait ...
2024-02-20 11:07:28 0 [Note] InnoDB: File 'C:\Users\johns\Xampp\mysql\data\ibtmp1' size is now 12 MB.
2024-02-20 11:07:28 0 [Note] InnoDB: Waiting for purge to start
2024-02-20 11:07:28 0 [Note] InnoDB: 10.4.32 started; log sequence number 347687; transaction id 487
2024-02-20 11:07:28 0 [Note] Plugin 'FEEDBACK' is disabled.
2024-02-20 11:07:28 0 [Note] InnoDB: Loading buffer pool(s) from C:\Users\johns\Xampp\mysql\data\ib_buffer_pool
2024-02-20 11:07:28 0 [Note] Server socket created on IP: '::'.
2024-02-20 11:19:09 0 [Note] Starting MariaDB 10.4.32-MariaDB source revision c4143f909528e3fab0677a28631d10389354c491 as process 2308
2024-02-20 11:19:09 0 [Note] InnoDB: Mutexes and rw_locks use Windows interlocked functions
2024-02-20 11:19:09 0 [Note] InnoDB: Uses event mutexes
2024-02-20 11:19:09 0 [Note] InnoDB: Compressed tables use zlib 1.3
2024-02-20 11:19:09 0 [Note] InnoDB: Number of pools: 1
2024-02-20 11:19:09 0 [Note] InnoDB: Using SSE2 crc32 instructions
2024-02-20 11:19:09 0 [Note] InnoDB: Initializing buffer pool, total size = 16M, instances = 1, chunk size = 16M
2024-02-20 11:19:09 0 [Note] InnoDB: Completed initialization of buffer pool
2024-02-20 11:19:09 0 [Note] InnoDB: Starting crash recovery from checkpoint LSN=347696
2024-02-20 11:19:09 0 [Note] InnoDB: Starting final batch to recover 90 pages from redo log.
2024-02-20 11:19:10 0 [Note] InnoDB: 128 out of 128 rollback segments are active.
2024-02-20 11:19:10 0 [Note] InnoDB: Removed temporary tablespace data file: "ibtmp1"
2024-02-20 11:19:10 0 [Note] InnoDB: Creating shared tablespace for temporary tables
2024-02-20 11:19:10 0 [Note] InnoDB: Setting file 'C:\Users\johns\Xampp\mysql\data\ibtmp1' size to 12 MB. Physically writing the file full; Please wait ...
2024-02-20 11:19:10 0 [Note] InnoDB: File 'C:\Users\johns\Xampp\mysql\data\ibtmp1' size is now 12 MB.
2024-02-20 11:19:10 0 [Note] InnoDB: Waiting for purge to start
2024-02-20 11:19:10 0 [Note] InnoDB: 10.4.32 started; log sequence number 457053; transaction id 642
2024-02-20 11:19:10 0 [Note] Plugin 'FEEDBACK' is disabled.
2024-02-20 11:19:10 0 [Note] InnoDB: Loading buffer pool(s) from C:\Users\johns\Xampp\mysql\data\ib_buffer_pool
2024-02-20 11:19:10 0 [Note] InnoDB: Buffer pool(s) load completed at 240220 11:19:10
2024-02-20 11:19:10 0 [Note] Server socket created on IP: '::'.
2024-02-21  7:59:12 0 [Note] Starting MariaDB 10.4.32-MariaDB source revision c4143f909528e3fab0677a28631d10389354c491 as process 17324
2024-02-21  7:59:12 0 [Note] InnoDB: Mutexes and rw_locks use Windows interlocked functions
2024-02-21  7:59:12 0 [Note] InnoDB: Uses event mutexes
2024-02-21  7:59:12 0 [Note] InnoDB: Compressed tables use zlib 1.3
2024-02-21  7:59:12 0 [Note] InnoDB: Number of pools: 1
2024-02-21  7:59:12 0 [Note] InnoDB: Using SSE2 crc32 instructions
2024-02-21  7:59:12 0 [Note] InnoDB: Initializing buffer pool, total size = 16M, instances = 1, chunk size = 16M
2024-02-21  7:59:12 0 [Note] InnoDB: Completed initialization of buffer pool
2024-02-21  7:59:12 0 [Note] InnoDB: Starting crash recovery from checkpoint LSN=1347860
2024-02-21  7:59:12 0 [Note] InnoDB: 128 out of 128 rollback segments are active.
2024-02-21  7:59:12 0 [Note] InnoDB: Removed temporary tablespace data file: "ibtmp1"
2024-02-21  7:59:12 0 [Note] InnoDB: Creating shared tablespace for temporary tables
2024-02-21  7:59:12 0 [Note] InnoDB: Setting file 'C:\Users\johns\Xampp\mysql\data\ibtmp1' size to 12 MB. Physically writing the file full; Please wait ...
2024-02-21  7:59:12 0 [Note] InnoDB: File 'C:\Users\johns\Xampp\mysql\data\ibtmp1' size is now 12 MB.
2024-02-21  7:59:12 0 [Note] InnoDB: Waiting for purge to start
2024-02-21  7:59:12 0 [Note] InnoDB: 10.4.32 started; log sequence number 1347869; transaction id 1901
2024-02-21  7:59:12 0 [Note] InnoDB: Loading buffer pool(s) from C:\Users\johns\Xampp\mysql\data\ib_buffer_pool
2024-02-21  7:59:12 0 [Note] Plugin 'FEEDBACK' is disabled.
2024-02-21  7:59:12 0 [Note] InnoDB: Buffer pool(s) load completed at 240221  7:59:12
2024-02-21  7:59:12 0 [Note] Server socket created on IP: '::'.
2024-02-21  7:59:18 0 [Note] Starting MariaDB 10.4.32-MariaDB source revision c4143f909528e3fab0677a28631d10389354c491 as process 1816
2024-02-21  7:59:18 0 [Note] InnoDB: Mutexes and rw_locks use Windows interlocked functions
2024-02-21  7:59:18 0 [Note] InnoDB: Uses event mutexes
2024-02-21  7:59:18 0 [Note] InnoDB: Compressed tables use zlib 1.3
2024-02-21  7:59:18 0 [Note] InnoDB: Number of pools: 1
2024-02-21  7:59:18 0 [Note] InnoDB: Using SSE2 crc32 instructions
2024-02-21  7:59:18 0 [Note] InnoDB: Initializing buffer pool, total size = 16M, instances = 1, chunk size = 16M
2024-02-21  7:59:18 0 [Note] InnoDB: Completed initialization of buffer pool
2024-02-21  7:59:18 0 [Note] InnoDB: Starting crash recovery from checkpoint LSN=1347860
2024-02-21  7:59:20 0 [Note] Starting MariaDB 10.4.32-MariaDB source revision c4143f909528e3fab0677a28631d10389354c491 as process 14268
2024-02-21  7:59:20 0 [Note] InnoDB: Mutexes and rw_locks use Windows interlocked functions
2024-02-21  7:59:20 0 [Note] InnoDB: Uses event mutexes
2024-02-21  7:59:20 0 [Note] InnoDB: Compressed tables use zlib 1.3
2024-02-21  7:59:20 0 [Note] InnoDB: Number of pools: 1
2024-02-21  7:59:20 0 [Note] InnoDB: Using SSE2 crc32 instructions
2024-02-21  7:59:20 0 [Note] InnoDB: Initializing buffer pool, total size = 16M, instances = 1, chunk size = 16M
2024-02-21  7:59:20 0 [Note] InnoDB: Completed initialization of buffer pool
2024-02-21  7:59:20 0 [Note] InnoDB: Starting crash recovery from checkpoint LSN=1347860
2024-02-21  7:59:20 0 [Note] InnoDB: 128 out of 128 rollback segments are active.
2024-02-21  7:59:20 0 [Note] InnoDB: Removed temporary tablespace data file: "ibtmp1"
2024-02-21  7:59:20 0 [Note] InnoDB: Creating shared tablespace for temporary tables
2024-02-21  7:59:20 0 [Note] InnoDB: Setting file 'C:\Users\johns\Xampp\mysql\data\ibtmp1' size to 12 MB. Physically writing the file full; Please wait ...
2024-02-21  7:59:20 0 [Note] InnoDB: File 'C:\Users\johns\Xampp\mysql\data\ibtmp1' size is now 12 MB.
2024-02-21  7:59:20 0 [Note] InnoDB: Waiting for purge to start
2024-02-21  7:59:20 0 [Note] InnoDB: 10.4.32 started; log sequence number 1347869; transaction id 1901
2024-02-21  7:59:20 0 [Note] InnoDB: Loading buffer pool(s) from C:\Users\johns\Xampp\mysql\data\ib_buffer_pool
2024-02-21  7:59:20 0 [Note] Plugin 'FEEDBACK' is disabled.
2024-02-21  7:59:20 0 [Note] InnoDB: Buffer pool(s) load completed at 240221  7:59:20
2024-02-21  7:59:20 0 [Note] Server socket created on IP: '::'.
2024-02-21  8:00:32 0 [Note] Starting MariaDB 10.4.32-MariaDB source revision c4143f909528e3fab0677a28631d10389354c491 as process 9632
2024-02-21  8:00:32 0 [Note] InnoDB: Mutexes and rw_locks use Windows interlocked functions
2024-02-21  8:00:32 0 [Note] InnoDB: Uses event mutexes
2024-02-21  8:00:32 0 [Note] InnoDB: Compressed tables use zlib 1.3
2024-02-21  8:00:32 0 [Note] InnoDB: Number of pools: 1
2024-02-21  8:00:32 0 [Note] InnoDB: Using SSE2 crc32 instructions
2024-02-21  8:00:32 0 [Note] InnoDB: Initializing buffer pool, total size = 16M, instances = 1, chunk size = 16M
2024-02-21  8:00:32 0 [Note] InnoDB: Completed initialization of buffer pool
2024-02-21  8:00:32 0 [Note] InnoDB: Starting crash recovery from checkpoint LSN=1347860
2024-02-21  8:00:32 0 [Note] InnoDB: 128 out of 128 rollback segments are active.
2024-02-21  8:00:32 0 [Note] InnoDB: Removed temporary tablespace data file: "ibtmp1"
2024-02-21  8:00:32 0 [Note] InnoDB: Creating shared tablespace for temporary tables
2024-02-21  8:00:32 0 [Note] InnoDB: Setting file 'C:\Users\johns\Xampp\mysql\data\ibtmp1' size to 12 MB. Physically writing the file full; Please wait ...
2024-02-21  8:00:32 0 [Note] InnoDB: File 'C:\Users\johns\Xampp\mysql\data\ibtmp1' size is now 12 MB.
2024-02-21  8:00:32 0 [Note] InnoDB: Waiting for purge to start
2024-02-21  8:00:32 0 [Note] InnoDB: 10.4.32 started; log sequence number 1347869; transaction id 1901
2024-02-21  8:00:32 0 [Note] InnoDB: Loading buffer pool(s) from C:\Users\johns\Xampp\mysql\data\ib_buffer_pool
2024-02-21  8:00:32 0 [Note] Plugin 'FEEDBACK' is disabled.
2024-02-21  8:00:32 0 [Note] InnoDB: Buffer pool(s) load completed at 240221  8:00:32
2024-02-21  8:00:32 0 [Note] Server socket created on IP: '::'.
2024-02-21  8:00:44 0 [Note] Starting MariaDB 10.4.32-MariaDB source revision c4143f909528e3fab0677a28631d10389354c491 as process 18428
2024-02-21  8:00:44 0 [Note] InnoDB: Mutexes and rw_locks use Windows interlocked functions
2024-02-21  8:00:44 0 [Note] InnoDB: Uses event mutexes
2024-02-21  8:00:44 0 [Note] InnoDB: Compressed tables use zlib 1.3
2024-02-21  8:00:44 0 [Note] InnoDB: Number of pools: 1
2024-02-21  8:00:44 0 [Note] InnoDB: Using SSE2 crc32 instructions
2024-02-21  8:00:44 0 [Note] InnoDB: Initializing buffer pool, total size = 16M, instances = 1, chunk size = 16M
2024-02-21  8:00:44 0 [Note] InnoDB: Completed initialization of buffer pool
2024-02-21  8:00:44 0 [Note] InnoDB: Starting crash recovery from checkpoint LSN=1347878
2024-02-21  8:00:44 0 [Note] InnoDB: 128 out of 128 rollback segments are active.
2024-02-21  8:00:44 0 [Note] InnoDB: Removed temporary tablespace data file: "ibtmp1"
2024-02-21  8:00:44 0 [Note] InnoDB: Creating shared tablespace for temporary tables
2024-02-21  8:00:44 0 [Note] InnoDB: Setting file 'C:\Users\johns\Xampp\mysql\data\ibtmp1' size to 12 MB. Physically writing the file full; Please wait ...
2024-02-21  8:00:44 0 [Note] InnoDB: File 'C:\Users\johns\Xampp\mysql\data\ibtmp1' size is now 12 MB.
2024-02-21  8:00:44 0 [Note] InnoDB: 10.4.32 started; log sequence number 1347887; transaction id 1901
2024-02-21  8:00:44 0 [Note] InnoDB: Loading buffer pool(s) from C:\Users\johns\Xampp\mysql\data\ib_buffer_pool
2024-02-21  8:00:44 0 [Note] Plugin 'FEEDBACK' is disabled.
2024-02-21  8:00:44 0 [Note] InnoDB: Buffer pool(s) load completed at 240221  8:00:44
2024-02-21  8:00:44 0 [Note] Server socket created on IP: '::'.
2024-02-21  8:00:44 0 [Note] Reading of all Master_info entries succeeded
2024-02-21  8:00:44 0 [Note] Added new Master_info '' to hash table
2024-02-21  8:00:44 0 [Note] c:\users\johns\xampp\mysql\bin\mysqld.exe: ready for connections.
Version: '10.4.32-MariaDB'  socket: ''  port: 3306  mariadb.org binary distribution
2024-02-21 13:10:41 0 [Note] Starting MariaDB 10.4.32-MariaDB source revision c4143f909528e3fab0677a28631d10389354c491 as process 16396
2024-02-21 13:10:41 0 [Note] InnoDB: Mutexes and rw_locks use Windows interlocked functions
2024-02-21 13:10:41 0 [Note] InnoDB: Uses event mutexes
2024-02-21 13:10:41 0 [Note] InnoDB: Compressed tables use zlib 1.3
2024-02-21 13:10:41 0 [Note] InnoDB: Number of pools: 1
2024-02-21 13:10:41 0 [Note] InnoDB: Using SSE2 crc32 instructions
2024-02-21 13:10:41 0 [Note] InnoDB: Initializing buffer pool, total size = 16M, instances = 1, chunk size = 16M
2024-02-21 13:10:41 0 [Note] InnoDB: Completed initialization of buffer pool
2024-02-21 13:10:41 0 [Note] InnoDB: Starting crash recovery from checkpoint LSN=1770267
2024-02-21 13:10:42 0 [Note] InnoDB: 128 out of 128 rollback segments are active.
2024-02-21 13:10:42 0 [Note] InnoDB: Removed temporary tablespace data file: "ibtmp1"
2024-02-21 13:10:42 0 [Note] InnoDB: Creating shared tablespace for temporary tables
2024-02-21 13:10:42 0 [Note] InnoDB: Setting file 'C:\Users\johns\Xampp\mysql\data\ibtmp1' size to 12 MB. Physically writing the file full; Please wait ...
2024-02-21 13:10:42 0 [Note] InnoDB: File 'C:\Users\johns\Xampp\mysql\data\ibtmp1' size is now 12 MB.
2024-02-21 13:10:42 0 [Note] InnoDB: Waiting for purge to start
2024-02-21 13:10:42 0 [Note] InnoDB: 10.4.32 started; log sequence number 1770276; transaction id 2565
2024-02-21 13:10:42 0 [Note] Plugin 'FEEDBACK' is disabled.
2024-02-21 13:10:42 0 [Note] InnoDB: Loading buffer pool(s) from C:\Users\johns\Xampp\mysql\data\ib_buffer_pool
2024-02-21 13:10:42 0 [Note] InnoDB: Buffer pool(s) load completed at 240221 13:10:42
2024-02-21 13:10:42 0 [Note] Server socket created on IP: '::'.
2024-02-21 16:32:29 0 [Note] Starting MariaDB 10.4.32-MariaDB source revision c4143f909528e3fab0677a28631d10389354c491 as process 17416
2024-02-21 16:32:29 0 [Note] InnoDB: Mutexes and rw_locks use Windows interlocked functions
2024-02-21 16:32:29 0 [Note] InnoDB: Uses event mutexes
2024-02-21 16:32:29 0 [Note] InnoDB: Compressed tables use zlib 1.3
2024-02-21 16:32:29 0 [Note] InnoDB: Number of pools: 1
2024-02-21 16:32:29 0 [Note] InnoDB: Using SSE2 crc32 instructions
2024-02-21 16:32:29 0 [Note] InnoDB: Initializing buffer pool, total size = 16M, instances = 1, chunk size = 16M
2024-02-21 16:32:29 0 [Note] InnoDB: Completed initialization of buffer pool
2024-02-21 16:32:29 0 [Note] InnoDB: Starting crash recovery from checkpoint LSN=2036058
2024-02-21 16:32:30 0 [Note] InnoDB: 128 out of 128 rollback segments are active.
2024-02-21 16:32:31 0 [Note] InnoDB: Removed temporary tablespace data file: "ibtmp1"
2024-02-21 16:32:31 0 [Note] InnoDB: Creating shared tablespace for temporary tables
2024-02-21 16:32:31 0 [Note] InnoDB: Setting file 'C:\Users\johns\Xampp\mysql\data\ibtmp1' size to 12 MB. Physically writing the file full; Please wait ...
2024-02-21 16:32:31 0 [Note] InnoDB: File 'C:\Users\johns\Xampp\mysql\data\ibtmp1' size is now 12 MB.
2024-02-21 16:32:31 0 [Note] InnoDB: Waiting for purge to start
2024-02-21 16:32:31 0 [Note] InnoDB: 10.4.32 started; log sequence number 2036067; transaction id 3103
2024-02-21 16:32:31 0 [Note] InnoDB: Loading buffer pool(s) from C:\Users\johns\Xampp\mysql\data\ib_buffer_pool
2024-02-21 16:32:31 0 [Note] Plugin 'FEEDBACK' is disabled.
2024-02-21 16:32:31 0 [Note] InnoDB: Buffer pool(s) load completed at 240221 16:32:31
2024-02-21 16:32:31 0 [Note] Server socket created on IP: '::'.
2024-02-22  8:32:41 0 [Note] Starting MariaDB 10.4.32-MariaDB source revision c4143f909528e3fab0677a28631d10389354c491 as process 14504
2024-02-22  8:32:41 0 [Note] InnoDB: Mutexes and rw_locks use Windows interlocked functions
2024-02-22  8:32:41 0 [Note] InnoDB: Uses event mutexes
2024-02-22  8:32:41 0 [Note] InnoDB: Compressed tables use zlib 1.3
2024-02-22  8:32:41 0 [Note] InnoDB: Number of pools: 1
2024-02-22  8:32:41 0 [Note] InnoDB: Using SSE2 crc32 instructions
2024-02-22  8:32:41 0 [Note] InnoDB: Initializing buffer pool, total size = 16M, instances = 1, chunk size = 16M
2024-02-22  8:32:41 0 [Note] InnoDB: Completed initialization of buffer pool
2024-02-22  8:32:41 0 [Note] InnoDB: Starting crash recovery from checkpoint LSN=2036277
2024-02-22  8:32:42 0 [Note] InnoDB: 128 out of 128 rollback segments are active.
2024-02-22  8:32:42 0 [Note] InnoDB: Removed temporary tablespace data file: "ibtmp1"
2024-02-22  8:32:42 0 [Note] InnoDB: Creating shared tablespace for temporary tables
2024-02-22  8:32:42 0 [Note] InnoDB: Setting file 'C:\Users\johns\Xampp\mysql\data\ibtmp1' size to 12 MB. Physically writing the file full; Please wait ...
2024-02-22  8:32:42 0 [Note] InnoDB: File 'C:\Users\johns\Xampp\mysql\data\ibtmp1' size is now 12 MB.
2024-02-22  8:32:42 0 [Note] InnoDB: Waiting for purge to start
2024-02-22  8:32:42 0 [Note] InnoDB: 10.4.32 started; log sequence number 2036286; transaction id 3103
2024-02-22  8:32:42 0 [Note] InnoDB: Loading buffer pool(s) from C:\Users\johns\Xampp\mysql\data\ib_buffer_pool
2024-02-22  8:32:42 0 [Note] Plugin 'FEEDBACK' is disabled.
2024-02-22  8:32:42 0 [Note] InnoDB: Buffer pool(s) load completed at 240222  8:32:42
2024-02-22  8:32:42 0 [Note] Server socket created on IP: '::'.
2024-02-22  8:33:19 0 [Note] Starting MariaDB 10.4.32-MariaDB source revision c4143f909528e3fab0677a28631d10389354c491 as process 14504
2024-02-22  8:33:19 0 [Note] InnoDB: Mutexes and rw_locks use Windows interlocked functions
2024-02-22  8:33:19 0 [Note] InnoDB: Uses event mutexes
2024-02-22  8:33:19 0 [Note] InnoDB: Compressed tables use zlib 1.3
2024-02-22  8:33:19 0 [Note] InnoDB: Number of pools: 1
2024-02-22  8:33:19 0 [Note] InnoDB: Using SSE2 crc32 instructions
2024-02-22  8:33:19 0 [Note] InnoDB: Initializing buffer pool, total size = 16M, instances = 1, chunk size = 16M
2024-02-22  8:33:19 0 [Note] InnoDB: Completed initialization of buffer pool
2024-02-22  8:33:19 0 [Note] InnoDB: Starting crash recovery from checkpoint LSN=2036295
2024-02-22  8:33:19 0 [Note] InnoDB: 128 out of 128 rollback segments are active.
2024-02-22  8:33:19 0 [Note] InnoDB: Removed temporary tablespace data file: "ibtmp1"
2024-02-22  8:33:19 0 [Note] InnoDB: Creating shared tablespace for temporary tables
2024-02-22  8:33:19 0 [Note] InnoDB: Setting file 'C:\Users\johns\Xampp\mysql\data\ibtmp1' size to 12 MB. Physically writing the file full; Please wait ...
2024-02-22  8:33:19 0 [Note] InnoDB: File 'C:\Users\johns\Xampp\mysql\data\ibtmp1' size is now 12 MB.
2024-02-22  8:33:19 0 [Note] InnoDB: Waiting for purge to start
2024-02-22  8:33:19 0 [Note] InnoDB: 10.4.32 started; log sequence number 2036304; transaction id 3103
2024-02-22  8:33:19 0 [Note] InnoDB: Loading buffer pool(s) from C:\Users\johns\Xampp\mysql\data\ib_buffer_pool
2024-02-22  8:33:19 0 [Note] Plugin 'FEEDBACK' is disabled.
2024-02-22  8:33:19 0 [Note] Server socket created on IP: '::'.
2024-02-22 08:33:19 0x4310  InnoDB: Assertion failure in file D:\winx64-packages\build\src\storage\innobase\os\os0file.cc line 6132
InnoDB: Failing assertion: slot
InnoDB: We intentionally generate a memory trap.
InnoDB: Submit a detailed bug report to https://jira.mariadb.org/
InnoDB: If you get repeated assertion failures or crashes, even
InnoDB: immediately after the mysqld startup, there may be
InnoDB: corruption in the InnoDB tablespace. Please refer to
InnoDB: https://mariadb.com/kb/en/library/innodb-recovery-modes/
InnoDB: about forcing recovery.
2024-02-22 08:33:19 0x3240222  8:33:19 f24[ERROR] mysqld got exception 0x80000003 ;
Sorry, we probably made a mistake, and this is a bug.

Your assistance in bug reporting will enable us to fix this for the next release.
To report this bug, see https://mariadb.com/kb/en/reporting-bugs

  InnoDB: Assertion failure in file D:\winx64-packages\build\src\storage\innobase\os\os0file.cc line We will try our best to scrape up some info that will hopefully help
diagnose the problem, but since we have already crashed, 
something is definitely wrong and this may fail.

Server version: 10.4.32-MariaDB source revision: c4143f909528e3fab0677a28631d10389354c491
key_buffer_size=16777216
read_buffer_size=262144
max_used_connections=0
6max_threads=65537
132
InnoDB: Failing assertion: slot
InnoDB: We intentionally generate a memory trap.
InnoDB: Submit a detailed bug report to https://jira.mariadb.org/
InnoDB: If you get repeated assertion failures or crashes, even
InnoDB: immediately after the mysqld startup, there may be
InnoDB: corruption in the InnoDB tablespace. Please refer to
InnoDB: https://mariadb.com/kb/en/library/innodb-recovery-modes/
InnoDB: about forcing recovery.
2024-02-2024-02-22  8:33:21 0 [Note] Starting MariaDB 10.4.32-MariaDB source revision c4143f909528e3fab0677a28631d10389354c491 as process 6944
2024-02-22  8:33:21 0 [Note] InnoDB: Mutexes and rw_locks use Windows interlocked functions
2024-02-22  8:33:21 0 [Note] InnoDB: Uses event mutexes
2024-02-22  8:33:21 0 [Note] InnoDB: Compressed tables use zlib 1.3
2024-02-22  8:33:21 0 [Note] InnoDB: Number of pools: 1
2024-02-22  8:33:21 0 [Note] InnoDB: Using SSE2 crc32 instructions
2024-02-22  8:33:21 0 [Note] InnoDB: Initializing buffer pool, total size = 16M, instances = 1, chunk size = 16M
2024-02-22  8:33:21 0 [Note] InnoDB: Completed initialization of buffer pool
2024-02-22  8:33:21 0 [Note] InnoDB: Starting crash recovery from checkpoint LSN=2036295
2024-02-22  8:33:21 0 [Note] InnoDB: 128 out of 128 rollback segments are active.
2024-02-22  8:33:21 0 [Note] InnoDB: Removed temporary tablespace data file: "ibtmp1"
2024-02-22  8:33:21 0 [Note] InnoDB: Creating shared tablespace for temporary tables
2024-02-22  8:33:21 0 [Note] InnoDB: Setting file 'C:\Users\johns\Xampp\mysql\data\ibtmp1' size to 12 MB. Physically writing the file full; Please wait ...
2024-02-22  8:33:21 0 [Note] InnoDB: File 'C:\Users\johns\Xampp\mysql\data\ibtmp1' size is now 12 MB.
2024-02-22  8:33:21 0 [Note] InnoDB: Waiting for purge to start
2024-02-22  8:33:21 0 [Note] InnoDB: 10.4.32 started; log sequence number 2036304; transaction id 3103
2024-02-22  8:33:21 0 [Note] InnoDB: Loading buffer pool(s) from C:\Users\johns\Xampp\mysql\data\ib_buffer_pool
2024-02-22  8:33:21 0 [Note] Plugin 'FEEDBACK' is disabled.
2024-02-22  8:33:21 0 [Note] Server socket created on IP: '::'.
2024-02-22 08:33:21 0xdb8  InnoDB: Assertion failure in file D:\winx64-packages\build\src\storage\innobase\os\os0file.cc line 6132
InnoDB: Failing assertion: slot
2024-02-22  8:33:21 0 [Note] InnoDB: Buffer pool(s) load completed at 240222  8:33:21
InnoDB: We intentionally generate a memory trap.
InnoDB: Submit a detailed bug report to https://jira.mariadb.org/
InnoDB: If you get repeated assertion failures or crashes, even
InnoDB: immediately after the mysqld startup, there may be
InnoDB: corruption in the InnoDB tablespace. Please refer to
InnoDB: https://mariadb.com/kb/en/library/innodb-recovery-modes/
InnoDB: about forcing recovery.
240222  8:33:21 [ERROR] mysqld got exception 0x80000003 ;
Sorry, we probably made a mistake, and this is a bug.

Your assistance in bug reporting will enable us to fix this for the next release.
To report this bug, see https://mariadb.com/kb/en/reporting-bugs

We will try our best to scrape up some info that will hopefully help
diagnose the problem, but since we have already crashed, 
something is definitely wrong and this may fail.

Server version: 10.4.32-MariaDB source revision: c4143f909528e3fab0677a28631d10389354c491
key_buffer_size=16777216
read_buffer_size=262144
max_used_connections=0
max_threads=65537
thread_count=6
It is possible that mysqld could use up to 
key_buffer_size + (read_buffer_size + sort_buffer_size)*max_threads = 20304 K  bytes of memory
Hope that's ok; if not, decrease some variables in the equation.

Thread pointer: 0x0
Attempting backtrace. You can use the following information to find out
where mysqld died. If you see no messages after this, something went
terribly wrong...
2024-02-22  8:33:21 0 [Note] Reading of all Master_info entries succeeded
2024-02-22  8:33:21 0 [Note] Added new Master_info '' to hash table
2024-02-22  8:33:21 0 [Note] c:\users\johns\xampp\mysql\bin\mysqld.exe: ready for connections.
Version: '10.4.32-MariaDB'  socket: ''  port: 3306  mariadb.org binary distribution
mysqld.exe!my_parameter_handler()
ucrtbase.dll!raise()
ucrtbase.dll!abort()
mysqld.exe!?append@?$basic_string@DU?$char_traits@D@std@@V?$allocator@D@2@@std@@QEAAAEAV12@QEBD_K@Z()
mysqld.exe!?_Forced_rehash@?$_Hash@V?$_Umap_traits@PEAU_iobuf@@PEAXV?$_Uhash_compare@PEAU_iobuf@@U?$hash@PEAU_iobuf@@@std@@U?$equal_to@PEAU_iobuf@@@3@@std@@V?$allocator@U?$pair@QEAU_iobuf@@PEAX@std@@@3@$0A@@std@@@std@@IEAAX_K@Z()
mysqld.exe!?_Forced_rehash@?$_Hash@V?$_Umap_traits@PEAU_iobuf@@PEAXV?$_Uhash_compare@PEAU_iobuf@@U?$hash@PEAU_iobuf@@@std@@U?$equal_to@PEAU_iobuf@@@3@@std@@V?$allocator@U?$pair@QEAU_iobuf@@PEAX@std@@@3@$0A@@std@@@std@@IEAAX_K@Z()
mysqld.exe!pthread_dummy()
mysqld.exe!pthread_dummy()
KERNEL32.DLL!BaseThreadInitThunk()
ntdll.dll!RtlUserThreadStart()
The manual page at https://mariadb.com/kb/en/how-to-produce-a-full-stack-trace-for-mariadbd/ contains
information that should help you find out what is causing the crash.
Writing a core file at C:\Users\johns\Xampp\mysql\data
Minidump written to C:\Users\johns\Xampp\mysql\data\mysqld.dmp
2024-02-22  8:33:28 0 [Note] Starting MariaDB 10.4.32-MariaDB source revision c4143f909528e3fab0677a28631d10389354c491 as process 12556
2024-02-22  8:33:28 0 [Note] InnoDB: Mutexes and rw_locks use Windows interlocked functions
2024-02-22  8:33:28 0 [Note] InnoDB: Uses event mutexes
2024-02-22  8:33:28 0 [Note] InnoDB: Compressed tables use zlib 1.3
2024-02-22  8:33:28 0 [Note] InnoDB: Number of pools: 1
2024-02-22  8:33:28 0 [Note] InnoDB: Using SSE2 crc32 instructions
2024-02-22  8:33:28 0 [Note] InnoDB: Initializing buffer pool, total size = 16M, instances = 1, chunk size = 16M
2024-02-22  8:33:28 0 [Note] InnoDB: Completed initialization of buffer pool
2024-02-22  8:33:28 0 [Note] InnoDB: Starting crash recovery from checkpoint LSN=2036313
2024-02-22  8:33:29 0 [Note] InnoDB: 128 out of 128 rollback segments are active.
2024-02-22  8:33:29 0 [Note] InnoDB: Removed temporary tablespace data file: "ibtmp1"
2024-02-22  8:33:29 0 [Note] InnoDB: Creating shared tablespace for temporary tables
2024-02-22  8:33:29 0 [Note] InnoDB: Setting file 'C:\Users\johns\Xampp\mysql\data\ibtmp1' size to 12 MB. Physically writing the file full; Please wait ...
2024-02-22  8:33:29 0 [Note] InnoDB: File 'C:\Users\johns\Xampp\mysql\data\ibtmp1' size is now 12 MB.
2024-02-22  8:33:29 0 [Note] InnoDB: Waiting for purge to start
2024-02-22  8:33:29 0 [Note] InnoDB: 10.4.32 started; log sequence number 2036322; transaction id 3103
2024-02-22  8:33:29 0 [Note] InnoDB: Loading buffer pool(s) from C:\Users\johns\Xampp\mysql\data\ib_buffer_pool
2024-02-22  8:33:29 0 [Note] Plugin 'FEEDBACK' is disabled.
2024-02-22  8:33:29 0 [Note] Server socket created on IP: '::'.
2024-02-22  8:35:06 0 [Note] Starting MariaDB 10.4.32-MariaDB source revision c4143f909528e3fab0677a28631d10389354c491 as process 3060
2024-02-22  8:35:06 0 [Note] InnoDB: Mutexes and rw_locks use Windows interlocked functions
2024-02-22  8:35:06 0 [Note] InnoDB: Uses event mutexes
2024-02-22  8:35:06 0 [Note] InnoDB: Compressed tables use zlib 1.3
2024-02-22  8:35:06 0 [Note] InnoDB: Number of pools: 1
2024-02-22  8:35:06 0 [Note] InnoDB: Using SSE2 crc32 instructions
2024-02-22  8:35:06 0 [Note] InnoDB: Initializing buffer pool, total size = 16M, instances = 1, chunk size = 16M
2024-02-22  8:35:06 0 [Note] InnoDB: Completed initialization of buffer pool
2024-02-22  8:35:06 0 [Note] InnoDB: Starting crash recovery from checkpoint LSN=2036331
2024-02-22  8:35:07 0 [Note] InnoDB: 128 out of 128 rollback segments are active.
2024-02-22  8:35:07 0 [Note] InnoDB: Removed temporary tablespace data file: "ibtmp1"
2024-02-22  8:35:07 0 [Note] InnoDB: Creating shared tablespace for temporary tables
2024-02-22  8:35:07 0 [Note] InnoDB: Setting file 'C:\Users\johns\Xampp\mysql\data\ibtmp1' size to 12 MB. Physically writing the file full; Please wait ...
2024-02-22  8:35:07 0 [Note] InnoDB: File 'C:\Users\johns\Xampp\mysql\data\ibtmp1' size is now 12 MB.
2024-02-22  8:35:07 0 [Note] InnoDB: Waiting for purge to start
2024-02-22  8:35:07 0 [Note] InnoDB: 10.4.32 started; log sequence number 2036340; transaction id 3103
2024-02-22  8:35:07 0 [Note] InnoDB: Loading buffer pool(s) from C:\Users\johns\Xampp\mysql\data\ib_buffer_pool
2024-02-22  8:35:07 0 [Note] Plugin 'FEEDBACK' is disabled.
2024-02-22  8:35:07 0 [Note] Server socket created on IP: '::'.
2024-02-22  8:35:28 0 [Note] Starting MariaDB 10.4.32-MariaDB source revision c4143f909528e3fab0677a28631d10389354c491 as process 17376
2024-02-22  8:35:28 0 [Note] InnoDB: Mutexes and rw_locks use Windows interlocked functions
2024-02-22  8:35:28 0 [Note] InnoDB: Uses event mutexes
2024-02-22  8:35:28 0 [Note] InnoDB: Compressed tables use zlib 1.3
2024-02-22  8:35:28 0 [Note] InnoDB: Number of pools: 1
2024-02-22  8:35:28 0 [Note] InnoDB: Using SSE2 crc32 instructions
2024-02-22  8:35:28 0 [Note] InnoDB: Initializing buffer pool, total size = 16M, instances = 1, chunk size = 16M
2024-02-22  8:35:28 0 [Note] InnoDB: Completed initialization of buffer pool
2024-02-22  8:35:28 0 [Note] InnoDB: Starting crash recovery from checkpoint LSN=2036331
2024-02-22  8:35:28 0 [Note] InnoDB: 128 out of 128 rollback segments are active.
2024-02-22  8:35:28 0 [Note] InnoDB: Removed temporary tablespace data file: "ibtmp1"
2024-02-22  8:35:28 0 [Note] InnoDB: Creating shared tablespace for temporary tables
2024-02-22  8:35:28 0 [Note] InnoDB: Setting file 'C:\Users\johns\Xampp\mysql\data\ibtmp1' size to 12 MB. Physically writing the file full; Please wait ...
2024-02-22  8:35:28 0 [Note] InnoDB: File 'C:\Users\johns\Xampp\mysql\data\ibtmp1' size is now 12 MB.
2024-02-22  8:35:28 0 [Note] InnoDB: Waiting for purge to start
2024-02-22  8:35:28 0 [Note] InnoDB: 10.4.32 started; log sequence number 2036340; transaction id 3103
2024-02-22  8:35:28 0 [Note] InnoDB: Loading buffer pool(s) from C:\Users\johns\Xampp\mysql\data\ib_buffer_pool
2024-02-22  8:35:28 0 [Note] Plugin 'FEEDBACK' is disabled.
2024-02-22  8:35:28 0 [Note] Server socket created on IP: '::'.
2024-02-22  9:42:50 0 [Note] Starting MariaDB 10.4.32-MariaDB source revision c4143f909528e3fab0677a28631d10389354c491 as process 1668
2024-02-22  9:42:50 0 [Note] InnoDB: Mutexes and rw_locks use Windows interlocked functions
2024-02-22  9:42:50 0 [Note] InnoDB: Uses event mutexes
2024-02-22  9:42:50 0 [Note] InnoDB: Compressed tables use zlib 1.3
2024-02-22  9:42:50 0 [Note] InnoDB: Number of pools: 1
2024-02-22  9:42:50 0 [Note] InnoDB: Using SSE2 crc32 instructions
2024-02-22  9:42:50 0 [Note] InnoDB: Initializing buffer pool, total size = 16M, instances = 1, chunk size = 16M
2024-02-22  9:42:50 0 [Note] InnoDB: Completed initialization of buffer pool
2024-02-22  9:42:50 0 [Note] InnoDB: Starting crash recovery from checkpoint LSN=2130391
2024-02-22  9:42:50 0 [Note] InnoDB: 128 out of 128 rollback segments are active.
2024-02-22  9:42:50 0 [Note] InnoDB: Removed temporary tablespace data file: "ibtmp1"
2024-02-22  9:42:50 0 [Note] InnoDB: Creating shared tablespace for temporary tables
2024-02-22  9:42:50 0 [Note] InnoDB: Setting file 'C:\Users\johns\Xampp\mysql\data\ibtmp1' size to 12 MB. Physically writing the file full; Please wait ...
2024-02-22  9:42:50 0 [Note] InnoDB: File 'C:\Users\johns\Xampp\mysql\data\ibtmp1' size is now 12 MB.
2024-02-22  9:42:50 0 [Note] InnoDB: Waiting for purge to start
2024-02-22  9:42:50 0 [Note] InnoDB: 10.4.32 started; log sequence number 2130400; transaction id 3216
2024-02-22  9:42:50 0 [Note] InnoDB: Loading buffer pool(s) from C:\Users\johns\Xampp\mysql\data\ib_buffer_pool
2024-02-22  9:42:50 0 [Note] Plugin 'FEEDBACK' is disabled.
2024-02-22  9:42:50 0 [Note] Server socket created on IP: '::'.
2024-02-22 12:38:35 0 [Note] Starting MariaDB 10.4.32-MariaDB source revision c4143f909528e3fab0677a28631d10389354c491 as process 6760
2024-02-22 12:38:35 0 [Note] InnoDB: Mutexes and rw_locks use Windows interlocked functions
2024-02-22 12:38:35 0 [Note] InnoDB: Uses event mutexes
2024-02-22 12:38:35 0 [Note] InnoDB: Compressed tables use zlib 1.3
2024-02-22 12:38:35 0 [Note] InnoDB: Number of pools: 1
2024-02-22 12:38:35 0 [Note] InnoDB: Using SSE2 crc32 instructions
2024-02-22 12:38:35 0 [Note] InnoDB: Initializing buffer pool, total size = 16M, instances = 1, chunk size = 16M
2024-02-22 12:38:35 0 [Note] InnoDB: Completed initialization of buffer pool
2024-02-22 12:38:35 0 [Note] InnoDB: Starting crash recovery from checkpoint LSN=2131600
2024-02-22 12:38:35 0 [Note] InnoDB: 128 out of 128 rollback segments are active.
2024-02-22 12:38:35 0 [Note] InnoDB: Removed temporary tablespace data file: "ibtmp1"
2024-02-22 12:38:35 0 [Note] InnoDB: Creating shared tablespace for temporary tables
2024-02-22 12:38:35 0 [Note] InnoDB: Setting file 'C:\Users\johns\Xampp\mysql\data\ibtmp1' size to 12 MB. Physically writing the file full; Please wait ...
2024-02-22 12:38:35 0 [Note] InnoDB: File 'C:\Users\johns\Xampp\mysql\data\ibtmp1' size is now 12 MB.
2024-02-22 12:38:35 0 [Note] InnoDB: Waiting for purge to start
2024-02-22 12:38:35 0 [Note] InnoDB: 10.4.32 started; log sequence number 2131609; transaction id 3236
2024-02-22 12:38:35 0 [Note] InnoDB: Loading buffer pool(s) from C:\Users\johns\Xampp\mysql\data\ib_buffer_pool
2024-02-22 12:38:35 0 [Note] Plugin 'FEEDBACK' is disabled.
2024-02-22 12:38:35 0 [Note] InnoDB: Buffer pool(s) load completed at 240222 12:38:35
2024-02-22 12:38:36 0 [Note] Server socket created on IP: '::'.
2024-02-23 10:02:28 0 [Note] Starting MariaDB 10.4.32-MariaDB source revision c4143f909528e3fab0677a28631d10389354c491 as process 16072
2024-02-23 10:02:28 0 [Note] InnoDB: Mutexes and rw_locks use Windows interlocked functions
2024-02-23 10:02:28 0 [Note] InnoDB: Uses event mutexes
2024-02-23 10:02:28 0 [Note] InnoDB: Compressed tables use zlib 1.3
2024-02-23 10:02:28 0 [Note] InnoDB: Number of pools: 1
2024-02-23 10:02:28 0 [Note] InnoDB: Using SSE2 crc32 instructions
2024-02-23 10:02:28 0 [Note] InnoDB: Initializing buffer pool, total size = 16M, instances = 1, chunk size = 16M
2024-02-23 10:02:28 0 [Note] InnoDB: Completed initialization of buffer pool
2024-02-23 10:02:28 0 [Note] InnoDB: Starting crash recovery from checkpoint LSN=2131618
2024-02-23 10:02:29 0 [Note] InnoDB: 128 out of 128 rollback segments are active.
2024-02-23 10:02:29 0 [Note] InnoDB: Removed temporary tablespace data file: "ibtmp1"
2024-02-23 10:02:29 0 [Note] InnoDB: Creating shared tablespace for temporary tables
2024-02-23 10:02:29 0 [Note] InnoDB: Setting file 'C:\Users\johns\Xampp\mysql\data\ibtmp1' size to 12 MB. Physically writing the file full; Please wait ...
2024-02-23 10:02:29 0 [Note] InnoDB: File 'C:\Users\johns\Xampp\mysql\data\ibtmp1' size is now 12 MB.
2024-02-23 10:02:29 0 [Note] InnoDB: Waiting for purge to start
2024-02-23 10:02:29 0 [Note] InnoDB: 10.4.32 started; log sequence number 2131627; transaction id 3236
2024-02-23 10:02:29 0 [Note] InnoDB: Loading buffer pool(s) from C:\Users\johns\Xampp\mysql\data\ib_buffer_pool
2024-02-23 10:02:29 0 [Note] Plugin 'FEEDBACK' is disabled.
2024-02-23 10:02:29 0 [Note] InnoDB: Buffer pool(s) load completed at 240223 10:02:29
2024-02-23 10:02:29 0 [Note] Server socket created on IP: '::'.
2024-02-26 10:37:10 0 [Note] Starting MariaDB 10.4.32-MariaDB source revision c4143f909528e3fab0677a28631d10389354c491 as process 13064
2024-02-26 10:37:10 0 [Note] InnoDB: Mutexes and rw_locks use Windows interlocked functions
2024-02-26 10:37:10 0 [Note] InnoDB: Uses event mutexes
2024-02-26 10:37:10 0 [Note] InnoDB: Compressed tables use zlib 1.3
2024-02-26 10:37:10 0 [Note] InnoDB: Number of pools: 1
2024-02-26 10:37:10 0 [Note] InnoDB: Using SSE2 crc32 instructions
2024-02-26 10:37:10 0 [Note] InnoDB: Initializing buffer pool, total size = 16M, instances = 1, chunk size = 16M
2024-02-26 10:37:10 0 [Note] InnoDB: Completed initialization of buffer pool
2024-02-26 10:37:10 0 [Note] InnoDB: Starting crash recovery from checkpoint LSN=2131636
2024-02-26 10:37:11 0 [Note] InnoDB: 128 out of 128 rollback segments are active.
2024-02-26 10:37:11 0 [Note] InnoDB: Removed temporary tablespace data file: "ibtmp1"
2024-02-26 10:37:11 0 [Note] InnoDB: Creating shared tablespace for temporary tables
2024-02-26 10:37:11 0 [Note] InnoDB: Setting file 'C:\Users\johns\Xampp\mysql\data\ibtmp1' size to 12 MB. Physically writing the file full; Please wait ...
2024-02-26 10:37:11 0 [Note] InnoDB: File 'C:\Users\johns\Xampp\mysql\data\ibtmp1' size is now 12 MB.
2024-02-26 10:37:11 0 [Note] InnoDB: Waiting for purge to start
2024-02-26 10:37:11 0 [Note] InnoDB: 10.4.32 started; log sequence number 2131645; transaction id 3236
2024-02-26 10:37:11 0 [Note] InnoDB: Loading buffer pool(s) from C:\Users\johns\Xampp\mysql\data\ib_buffer_pool
2024-02-26 10:37:11 0 [Note] Plugin 'FEEDBACK' is disabled.
2024-02-26 10:37:11 0 [Note] InnoDB: Buffer pool(s) load completed at 240226 10:37:11
2024-02-26 10:37:11 0 [Note] Server socket created on IP: '::'.
2024-02-26 10:41:32 0 [Note] Starting MariaDB 10.4.32-MariaDB source revision c4143f909528e3fab0677a28631d10389354c491 as process 12624
2024-02-26 10:41:32 0 [Note] InnoDB: Mutexes and rw_locks use Windows interlocked functions
2024-02-26 10:41:32 0 [Note] InnoDB: Uses event mutexes
2024-02-26 10:41:32 0 [Note] InnoDB: Compressed tables use zlib 1.3
2024-02-26 10:41:32 0 [Note] InnoDB: Number of pools: 1
2024-02-26 10:41:32 0 [Note] InnoDB: Using SSE2 crc32 instructions
2024-02-26 10:41:32 0 [Note] InnoDB: Initializing buffer pool, total size = 16M, instances = 1, chunk size = 16M
2024-02-26 10:41:32 0 [Note] InnoDB: Completed initialization of buffer pool
2024-02-26 10:41:32 0 [Note] InnoDB: Starting crash recovery from checkpoint LSN=2131654
2024-02-26 10:41:33 0 [Note] InnoDB: 128 out of 128 rollback segments are active.
2024-02-26 10:41:33 0 [Note] InnoDB: Removed temporary tablespace data file: "ibtmp1"
2024-02-26 10:41:33 0 [Note] InnoDB: Creating shared tablespace for temporary tables
2024-02-26 10:41:33 0 [Note] InnoDB: Setting file 'C:\Users\johns\Xampp\mysql\data\ibtmp1' size to 12 MB. Physically writing the file full; Please wait ...
2024-02-26 10:41:33 0 [Note] InnoDB: File 'C:\Users\johns\Xampp\mysql\data\ibtmp1' size is now 12 MB.
2024-02-26 10:41:33 0 [Note] InnoDB: Waiting for purge to start
2024-02-26 10:41:33 0 [Note] InnoDB: 10.4.32 started; log sequence number 2131663; transaction id 3236
2024-02-26 10:41:33 0 [Note] InnoDB: Loading buffer pool(s) from C:\Users\johns\Xampp\mysql\data\ib_buffer_pool
2024-02-26 10:41:33 0 [Note] Plugin 'FEEDBACK' is disabled.
2024-02-26 10:41:33 0 [Note] InnoDB: Buffer pool(s) load completed at 240226 10:41:33
2024-02-26 10:41:33 0 [Note] Server socket created on IP: '::'.
